

X.Org X Server 1.20.0
X Protocol Version 11, Revision 0
Build Operating System: Linux 4.16.4_2 i686 
Current Operating System: Linux levoid 4.12.13_1 #1 SMP PREEMPT Thu Sep 14 13:15:00 UTC 2017 i686
Kernel command line: BOOT_IMAGE=/boot/vmlinuz-4.12.13_1 root=UUID=1a3e0c02-f3c4-4929-828a-a587c6fdce23 ro loglevel=4 slub_debug=P page_poison=1
Build Date: 28 May 2018  01:02:40PM
 
Current version of pixman: 0.34.0
	Before reporting problems, check http://wiki.x.org
	to make sure that you have the latest version.
Markers: (--) probed, (**) from config file, (==) default setting,
	(++) from command line, (!!) notice, (II) informational,
	(WW) warning, (EE) error, (NI) not implemented, (??) unknown.
(==) Log file: "/var/log/Xorg.1.log", Time: Sun Jun  3 11:19:26 2018
(==) Using system config directory "/usr/share/X11/xorg.conf.d"
pci id for fd 13: 8086:0be1, driver (null)
(II) modeset(0): Initializing kms color map for depth 24, 8 bpc.

waiting for X server to begin accepting connections 
xinit: giving up
xinit: unable to connect to X server: Connection reset by peer
xinit: server error
